# JRE version: Java(TM) SE Runtime Environment (17.0.4.1+1) (build 17.0.4.1+1-LTS-2)
# Java VM: Java HotSpot(TM) 64-Bit Server VM (17.0.4.1+1-LTS-2, mixed mode, sharing, tiered, compressed oops, compressed class ptrs, g1 gc, windows-amd64)
GC Precious Log:
 CPUs: 8 total, 8 available
 Memory: 16234M
 Large Page Support: Disabled
 NUMA Support: Disabled
 Compressed Oops: Enabled (Zero based)
 Heap Region Size: 2M
 Heap Min Capacity: 8M
 Heap Initial Capacity: 254M
 Heap Max Capacity: 4060M
 Pre-touch: Disabled
 Parallel Workers: 8
 Concurrent Workers: 2
 Concurrent Refinement Workers: 8
 Periodic GC: Disabled
Heap:
 garbage-first heap   total 59392K, used 27006K [0x0000000702400000, 0x0000000800000000)
  region size 2048K, 1 young (2048K), 1 survivors (2048K)
 Metaspace       used 23688K, committed 23936K, reserved 1073152K
  class space    used 2786K, committed 2880K, reserved 1048576K
GC Heap History (20 events):
Event: 1.551 GC heap after
{Heap after GC invocations=1 (full 0):
 garbage-first heap   total 260096K, used 3677K [0x0000000702400000, 0x0000000800000000)
  region size 2048K, 2 young (4096K), 2 survivors (4096K)
 Metaspace       used 5382K, committed 5568K, reserved 1056768K
  class space    used 646K, committed 768K, reserved 1048576K
}
Event: 3.054 GC heap before
{Heap before GC invocations=1 (full 0):
 garbage-first heap   total 260096K, used 34397K [0x0000000702400000, 0x0000000800000000)
  region size 2048K, 17 young (34816K), 2 survivors (4096K)
 Metaspace       used 9062K, committed 9280K, reserved 1064960K
  class space    used 1100K, committed 1216K, reserved 1048576K
}
Event: 3.060 GC heap after
{Heap after GC invocations=2 (full 0):
 garbage-first heap   total 260096K, used 5137K [0x0000000702400000, 0x0000000800000000)
  region size 2048K, 1 young (2048K), 1 survivors (2048K)
 Metaspace       used 9062K, committed 9280K, reserved 1064960K
  class space    used 1100K, committed 1216K, reserved 1048576K
}
Event: 9.680 GC heap before
{Heap before GC invocations=2 (full 0):
 garbage-first heap   total 260096K, used 70673K [0x0000000702400000, 0x0000000800000000)
  region size 2048K, 34 young (69632K), 1 survivors (2048K)
 Metaspace       used 21309K, committed 21504K, reserved 1073152K
  class space    used 2573K, committed 2688K, reserved 1048576K
}
Event: 9.695 GC heap after
{Heap after GC invocations=3 (full 0):
 garbage-first heap   total 260096K, used 13350K [0x0000000702400000, 0x0000000800000000)
  region size 2048K, 5 young (10240K), 5 survivors (10240K)
 Metaspace       used 21309K, committed 21504K, reserved 1073152K
  class space    used 2573K, committed 2688K, reserved 1048576K
}
Event: 13.354 GC heap before
{Heap before GC invocations=4 (full 0):
 garbage-first heap   total 55296K, used 35878K [0x0000000702400000, 0x0000000800000000)
  region size 2048K, 16 young (32768K), 5 survivors (10240K)
 Metaspace       used 22878K, committed 23104K, reserved 1073152K
  class space    used 2736K, committed 2816K, reserved 1048576K
}
Event: 13.372 GC heap after
{Heap after GC invocations=5 (full 0):
 garbage-first heap   total 55296K, used 15825K [0x0000000702400000, 0x0000000800000000)
  region size 2048K, 2 young (4096K), 2 survivors (4096K)
 Metaspace       used 22878K, committed 23104K, reserved 1073152K
  class space    used 2736K, committed 2816K, reserved 1048576K
}
Event: 13.413 GC heap before
{Heap before GC invocations=5 (full 0):
 garbage-first heap   total 55296K, used 17873K [0x0000000702400000, 0x0000000800000000)
  region size 2048K, 3 young (6144K), 2 survivors (4096K)
 Metaspace       used 22878K, committed 23104K, reserved 1073152K
  class space    used 2736K, committed 2816K, reserved 1048576K
}
Event: 13.424 GC heap after
{Heap after GC invocations=6 (full 0):
 garbage-first heap   total 55296K, used 16616K [0x0000000702400000, 0x0000000800000000)
  region size 2048K, 1 young (2048K), 1 survivors (2048K)
 Metaspace       used 22878K, committed 23104K, reserved 1073152K
  class space    used 2736K, committed 2816K, reserved 1048576K
}
Event: 15.752 GC heap before
{Heap before GC invocations=6 (full 0):
 garbage-first heap   total 55296K, used 37096K [0x0000000702400000, 0x0000000800000000)
  region size 2048K, 11 young (22528K), 1 survivors (2048K)
 Metaspace       used 22992K, committed 23168K, reserved 1073152K
  class space    used 2736K, committed 2816K, reserved 1048576K
}
Event: 15.774 GC heap after
{Heap after GC invocations=7 (full 0):
 garbage-first heap   total 55296K, used 24209K [0x0000000702400000, 0x0000000800000000)
  region size 2048K, 2 young (4096K), 2 survivors (4096K)
 Metaspace       used 22992K, committed 23168K, reserved 1073152K
  class space    used 2736K, committed 2816K, reserved 1048576K
}
Event: 16.907 GC heap before
{Heap before GC invocations=7 (full 0):
 garbage-first heap   total 55296K, used 36497K [0x0000000702400000, 0x0000000800000000)
  region size 2048K, 8 young (16384K), 2 survivors (4096K)
 Metaspace       used 23069K, committed 23296K, reserved 1073152K
  class space    used 2736K, committed 2816K, reserved 1048576K
}
Event: 16.934 GC heap after
{Heap after GC invocations=8 (full 0):
 garbage-first heap   total 55296K, used 29908K [0x0000000702400000, 0x0000000800000000)
  region size 2048K, 1 young (2048K), 1 survivors (2048K)
 Metaspace       used 23069K, committed 23296K, reserved 1073152K
  class space    used 2736K, committed 2816K, reserved 1048576K
}
Event: 18.551 GC heap before
{Heap before GC invocations=8 (full 0):
 garbage-first heap   total 55296K, used 38100K [0x0000000702400000, 0x0000000800000000)
  region size 2048K, 5 young (10240K), 1 survivors (2048K)
 Metaspace       used 23120K, committed 23296K, reserved 1073152K
  class space    used 2737K, committed 2816K, reserved 1048576K
}
Event: 18.567 GC heap after
{Heap after GC invocations=9 (full 0):
 garbage-first heap   total 55296K, used 31181K [0x0000000702400000, 0x0000000800000000)
  region size 2048K, 1 young (2048K), 1 survivors (2048K)
 Metaspace       used 23120K, committed 23296K, reserved 1073152K
  class space    used 2737K, committed 2816K, reserved 1048576K
}
Event: 19.954 GC heap before
{Heap before GC invocations=10 (full 0):
 garbage-first heap   total 59392K, used 39373K [0x0000000702400000, 0x0000000800000000)
  region size 2048K, 5 young (10240K), 1 survivors (2048K)
 Metaspace       used 23382K, committed 23616K, reserved 1073152K
  class space    used 2768K, committed 2880K, reserved 1048576K
}
Event: 19.960 GC heap after
{Heap after GC invocations=11 (full 0):
 garbage-first heap   total 59392K, used 31271K [0x0000000702400000, 0x0000000800000000)
  region size 2048K, 1 young (2048K), 1 survivors (2048K)
 Metaspace       used 23382K, committed 23616K, reserved 1073152K
  class space    used 2768K, committed 2880K, reserved 1048576K
}
Event: 20.356 GC heap before
{Heap before GC invocations=11 (full 0):
 garbage-first heap   total 59392K, used 31271K [0x0000000702400000, 0x0000000800000000)
  region size 2048K, 2 young (4096K), 1 survivors (2048K)
 Metaspace       used 23408K, committed 23616K, reserved 1073152K
  class space    used 2768K, committed 2880K, reserved 1048576K
}
Event: 20.365 GC heap after
{Heap after GC invocations=12 (full 0):
 garbage-first heap   total 59392K, used 26509K [0x0000000702400000, 0x0000000800000000)
  region size 2048K, 1 young (2048K), 1 survivors (2048K)
 Metaspace       used 23408K, committed 23616K, reserved 1073152K
  class space    used 2768K, committed 2880K, reserved 1048576K
}
Event: 22.866 GC heap before
{Heap before GC invocations=12 (full 0):
 garbage-first heap   total 59392K, used 38797K [0x0000000702400000, 0x0000000800000000)
  region size 2048K, 7 young (14336K), 1 survivors (2048K)
 Metaspace       used 23688K, committed 23936K, reserved 1073152K
  class space    used 2786K, committed 2880K, reserved 1048576K
}

